#! /usr/bin/vvp
:ivl_version "10.3 (stable)" "(v10_3)";
:ivl_delay_selection "TYPICAL";
:vpi_time_precision - 12;
:vpi_module "system";
:vpi_module "vhdl_sys";
:vpi_module "v2005_math";
:vpi_module "va_math";
S_0x55b0a93d7490 .scope module, "bhand" "bhand" 2 14;
 .timescale -9 -12;
    .port_info 0 /INPUT 1 "clk"
    .port_info 1 /INPUT 1 "rst"
    .port_info 2 /INPUT 8 "idata"
    .port_info 3 /INPUT 1 "idata_vld"
    .port_info 4 /OUTPUT 1 "idata_rdy"
    .port_info 5 /OUTPUT 8 "odata"
    .port_info 6 /OUTPUT 1 "odata_vld"
    .port_info 7 /INPUT 1 "odata_rdy"
    .port_info 8 /INPUT 4 "icount"
    .port_info 9 /OUTPUT 4 "ocount"
P_0x55b0a93d71b0 .param/l "COUNT_WIDTH" 0 2 17, +C4<00000000000000000000000000000100>;
P_0x55b0a93d71f0 .param/l "DATA_WIDTH" 0 2 15, +C4<00000000000000000000000000001000>;
P_0x55b0a93d7230 .param/l "ENABLE_COUNT" 0 2 16, +C4<00000000000000000000000000000000>;
o0x7f1d06386318 .functor BUFZ 1, C4<z>; HiZ drive
L_0x55b0a93b0770 .functor AND 1, o0x7f1d06386318, L_0x55b0a9419670, C4<1>, C4<1>;
o0x7f1d06386468 .functor BUFZ 1, C4<z>; HiZ drive
L_0x55b0a93b0550 .functor AND 1, L_0x55b0a9419850, o0x7f1d06386468, C4<1>, C4<1>;
L_0x55b0a93b0660 .functor AND 1, L_0x55b0a93b0770, v0x55b0a9408320_0, C4<1>, C4<1>;
L_0x55b0a9418f40 .functor AND 1, L_0x55b0a93b0660, L_0x55b0a9418e50, C4<1>, C4<1>;
L_0x55b0a94191a0 .functor AND 1, L_0x55b0a9419850, o0x7f1d06386468, C4<1>, C4<1>;
L_0x55b0a94192b0 .functor OR 1, L_0x55b0a9419080, L_0x55b0a94191a0, C4<0>, C4<0>;
L_0x55b0a9419400 .functor OR 1, o0x7f1d06386318, v0x55b0a9407bb0_0, C4<0>, C4<0>;
L_0x55b0a9419510 .functor AND 1, L_0x55b0a94192b0, L_0x55b0a9419400, C4<1>, C4<1>;
L_0x55b0a9419670 .functor BUFZ 1, L_0x55b0a9418c90, C4<0>, C4<0>, C4<0>;
L_0x55b0a9419780 .functor BUFZ 8, v0x55b0a94080c0_0, C4<00000000>, C4<00000000>, C4<00000000>;
L_0x55b0a9419850 .functor BUFZ 1, v0x55b0a9408320_0, C4<0>, C4<0>, C4<0>;
v0x55b0a93d85d0_0 .net *"_s12", 0 0, L_0x55b0a93b0660;  1 drivers
v0x55b0a94072c0_0 .net *"_s15", 0 0, L_0x55b0a9418e50;  1 drivers
v0x55b0a9407380_0 .net *"_s19", 0 0, L_0x55b0a9419080;  1 drivers
v0x55b0a9407420_0 .net *"_s20", 0 0, L_0x55b0a94191a0;  1 drivers
v0x55b0a94074e0_0 .net *"_s24", 0 0, L_0x55b0a9419400;  1 drivers
v0x55b0a94075f0_0 .net *"_s4", 31 0, L_0x55b0a9408b20;  1 drivers
L_0x7f1d0633d018 .functor BUFT 1, C4<0000000000000000000000000000000>, C4<0>, C4<0>, C4<0>;
v0x55b0a94076d0_0 .net *"_s7", 30 0, L_0x7f1d0633d018;  1 drivers
L_0x7f1d0633d060 .functor BUFT 1, C4<00000000000000000000000000000000>, C4<0>, C4<0>, C4<0>;
v0x55b0a94077b0_0 .net/2u *"_s8", 31 0, L_0x7f1d0633d060;  1 drivers
o0x7f1d06386198 .functor BUFZ 1, C4<z>; HiZ drive
v0x55b0a9407890_0 .net "clk", 0 0, o0x7f1d06386198;  0 drivers
v0x55b0a9407950_0 .var "extra_mem", 7 0;
v0x55b0a9407a30_0 .net "extra_mem_en", 0 0, L_0x55b0a9418f40;  1 drivers
v0x55b0a9407af0_0 .net "extra_mem_rdy", 0 0, L_0x55b0a9418c90;  1 drivers
v0x55b0a9407bb0_0 .var "extra_mem_vld", 0 0;
o0x7f1d06386288 .functor BUFZ 4, C4<zzzz>; HiZ drive
v0x55b0a9407c70_0 .net "icount", 3 0, o0x7f1d06386288;  0 drivers
o0x7f1d063862b8 .functor BUFZ 8, C4<zzzzzzzz>; HiZ drive
v0x55b0a9407d50_0 .net "idata", 7 0, o0x7f1d063862b8;  0 drivers
v0x55b0a9407e30_0 .net "idata_rdy", 0 0, L_0x55b0a9419670;  1 drivers
v0x55b0a9407ef0_0 .net "idata_vld", 0 0, o0x7f1d06386318;  0 drivers
v0x55b0a94080c0_0 .var "mem", 7 0;
v0x55b0a94081a0_0 .net "mem_en", 0 0, L_0x55b0a9419510;  1 drivers
v0x55b0a9408260_0 .net "mem_rdy", 0 0, L_0x55b0a94192b0;  1 drivers
v0x55b0a9408320_0 .var "mem_vld", 0 0;
o0x7f1d06386408 .functor BUFZ 4, C4<zzzz>; HiZ drive
v0x55b0a94083e0_0 .net "ocount", 3 0, o0x7f1d06386408;  0 drivers
v0x55b0a94084c0_0 .net "odata", 7 0, L_0x55b0a9419780;  1 drivers
v0x55b0a94085a0_0 .net "odata_rdy", 0 0, o0x7f1d06386468;  0 drivers
v0x55b0a9408660_0 .net "odata_vld", 0 0, L_0x55b0a9419850;  1 drivers
o0x7f1d063864c8 .functor BUFZ 1, C4<z>; HiZ drive
v0x55b0a9408720_0 .net "rst", 0 0, o0x7f1d063864c8;  0 drivers
v0x55b0a94087e0_0 .net "shift_in", 0 0, L_0x55b0a93b0770;  1 drivers
v0x55b0a94088a0_0 .net "shift_out", 0 0, L_0x55b0a93b0550;  1 drivers
E_0x55b0a93e6440 .event posedge, v0x55b0a9407890_0;
L_0x55b0a9408b20 .concat [ 1 31 0 0], v0x55b0a9407bb0_0, L_0x7f1d0633d018;
L_0x55b0a9418c90 .cmp/eq 32, L_0x55b0a9408b20, L_0x7f1d0633d060;
L_0x55b0a9418e50 .reduce/nor L_0x55b0a93b0550;
L_0x55b0a9419080 .reduce/nor v0x55b0a9408320_0;
    .scope S_0x55b0a93d7490;
T_0 ;
    %pushi/vec4 0, 0, 1;
    %store/vec4 v0x55b0a9408320_0, 0, 1;
    %pushi/vec4 0, 0, 8;
    %store/vec4 v0x55b0a9407950_0, 0, 8;
    %pushi/vec4 0, 0, 1;
    %store/vec4 v0x55b0a9407bb0_0, 0, 1;
    %pushi/vec4 0, 0, 8;
    %store/vec4 v0x55b0a94080c0_0, 0, 8;
    %end;
    .thread T_0;
    .scope S_0x55b0a93d7490;
T_1 ;
    %wait E_0x55b0a93e6440;
    %load/vec4 v0x55b0a9408720_0;
    %flag_set/vec4 8;
    %jmp/0xz  T_1.0, 8;
    %pushi/vec4 0, 0, 8;
    %assign/vec4 v0x55b0a9407950_0, 0;
    %pushi/vec4 0, 0, 1;
    %assign/vec4 v0x55b0a9407bb0_0, 0;
    %jmp T_1.1;
T_1.0 ;
    %load/vec4 v0x55b0a9407a30_0;
    %flag_set/vec4 8;
    %jmp/0xz  T_1.2, 8;
    %load/vec4 v0x55b0a9407d50_0;
    %assign/vec4 v0x55b0a9407950_0, 0;
T_1.2 ;
    %load/vec4 v0x55b0a9407a30_0;
    %flag_set/vec4 8;
    %jmp/0xz  T_1.4, 8;
    %pushi/vec4 1, 0, 1;
    %assign/vec4 v0x55b0a9407bb0_0, 0;
    %jmp T_1.5;
T_1.4 ;
    %load/vec4 v0x55b0a94088a0_0;
    %flag_set/vec4 8;
    %jmp/0xz  T_1.6, 8;
    %pushi/vec4 0, 0, 1;
    %assign/vec4 v0x55b0a9407bb0_0, 0;
T_1.6 ;
T_1.5 ;
T_1.1 ;
    %jmp T_1;
    .thread T_1;
    .scope S_0x55b0a93d7490;
T_2 ;
    %wait E_0x55b0a93e6440;
    %load/vec4 v0x55b0a9408720_0;
    %flag_set/vec4 8;
    %jmp/0xz  T_2.0, 8;
    %pushi/vec4 0, 0, 8;
    %assign/vec4 v0x55b0a94080c0_0, 0;
    %pushi/vec4 0, 0, 1;
    %assign/vec4 v0x55b0a9408320_0, 0;
    %jmp T_2.1;
T_2.0 ;
    %load/vec4 v0x55b0a94081a0_0;
    %flag_set/vec4 8;
    %jmp/0xz  T_2.2, 8;
    %load/vec4 v0x55b0a9407bb0_0;
    %flag_set/vec4 8;
    %jmp/0 T_2.4, 8;
    %load/vec4 v0x55b0a9407950_0;
    %jmp/1 T_2.5, 8;
T_2.4 ; End of true expr.
    %load/vec4 v0x55b0a9407d50_0;
    %jmp/0 T_2.5, 8;
 ; End of false expr.
    %blend;
T_2.5;
    %assign/vec4 v0x55b0a94080c0_0, 0;
T_2.2 ;
    %load/vec4 v0x55b0a94081a0_0;
    %flag_set/vec4 8;
    %jmp/0xz  T_2.6, 8;
    %pushi/vec4 1, 0, 1;
    %assign/vec4 v0x55b0a9408320_0, 0;
    %jmp T_2.7;
T_2.6 ;
    %load/vec4 v0x55b0a94088a0_0;
    %flag_set/vec4 8;
    %jmp/0xz  T_2.8, 8;
    %pushi/vec4 0, 0, 1;
    %assign/vec4 v0x55b0a9408320_0, 0;
T_2.8 ;
T_2.7 ;
T_2.1 ;
    %jmp T_2;
    .thread T_2;
# The file index is used to find the file name in the following table.
:file_names 3;
    "N/A";
    "<interactive>";
    "bhand.v";
