#! /usr/bin/vvp
:ivl_version "10.3 (stable)" "(v10_3)";
:ivl_delay_selection "TYPICAL";
:vpi_time_precision - 12;
:vpi_module "system";
:vpi_module "vhdl_sys";
:vpi_module "v2005_math";
:vpi_module "va_math";
S_0x5637d142a950 .scope module, "stage1" "stage1" 2 39;
 .timescale -9 -12;
    .port_info 0 /INPUT 1 "clk"
    .port_info 1 /INPUT 1 "rst"
    .port_info 2 /INPUT 64 "instr_in"
    .port_info 3 /INPUT 1 "branch_mispredict"
    .port_info 4 /INPUT 1 "stage2_reads_regfile"
    .port_info 5 /INPUT 1 "stage2_writes_A"
    .port_info 6 /INPUT 1 "stage2_writes_X"
    .port_info 7 /OUTPUT 1 "B_sel"
    .port_info 8 /OUTPUT 4 "ALU_sel"
    .port_info 9 /OUTPUT 1 "ALU_en"
    .port_info 10 /OUTPUT 1 "addr_sel"
    .port_info 11 /OUTPUT 1 "rd_en"
    .port_info 12 /OUTPUT 4 "regfile_sel_stage1"
    .port_info 13 /OUTPUT 1 "regfile_wr_en"
    .port_info 14 /OUTPUT 1 "imm_stage1"
    .port_info 15 /OUTPUT 64 "instr_out"
    .port_info 16 /INPUT 6 "icount"
    .port_info 17 /OUTPUT 6 "ocount"
    .port_info 18 /INPUT 1 "prev_vld"
    .port_info 19 /OUTPUT 1 "rdy"
    .port_info 20 /INPUT 1 "next_rdy"
    .port_info 21 /OUTPUT 1 "vld"
o0x7fadde6305d8 .functor BUFZ 64, C4<zzzzzzzzzzzzzzzzzzzzzzzzzzzzzzzzzzzzzzzzzzzzzzzzzzzzzzzzzzzzzzzz>; HiZ drive
L_0x5637d13d4810 .functor BUFZ 64, o0x7fadde6305d8, C4<0000000000000000000000000000000000000000000000000000000000000000>, C4<0000000000000000000000000000000000000000000000000000000000000000>, C4<0000000000000000000000000000000000000000000000000000000000000000>;
o0x7fadde6304b8 .functor BUFZ 1, C4<z>; HiZ drive
L_0x5637d13d45f0 .functor BUFZ 1, o0x7fadde6304b8, C4<0>, C4<0>, C4<0>;
L_0x5637d13d4700 .functor BUFZ 6, L_0x5637d13d4700, C4<000000>, C4<000000>, C4<000000>;
o0x7fadde630878 .functor BUFZ 1, C4<z>; HiZ drive
L_0x5637d14634c0 .functor BUFZ 1, o0x7fadde630878, C4<0>, C4<0>, C4<0>;
o0x7fadde6307b8 .functor BUFZ 1, C4<z>; HiZ drive
L_0x5637d14635b0 .functor BUFZ 1, o0x7fadde6307b8, C4<0>, C4<0>, C4<0>;
L_0x5637d1474010 .functor AND 1, L_0x5637d1473ea0, L_0x5637d1473ce0, C4<1>, C4<1>;
L_0x5637d1474350 .functor AND 1, L_0x5637d1474160, L_0x5637d14742b0, C4<1>, C4<1>;
L_0x5637d1474740 .functor AND 1, L_0x5637d1474460, L_0x5637d1474600, C4<1>, C4<1>;
L_0x5637d1474590 .functor AND 1, L_0x5637d14748a0, L_0x5637d1474a10, C4<1>, C4<1>;
L_0x5637d1474e90 .functor AND 1, L_0x5637d1474c30, L_0x5637d1474d60, C4<1>, C4<1>;
L_0x5637d1475260 .functor OR 1, L_0x5637d1475000, L_0x5637d1475140, C4<0>, C4<0>;
L_0x5637d1475510 .functor OR 1, L_0x5637d1475260, L_0x5637d1475370, C4<0>, C4<0>;
L_0x5637d1475690 .functor OR 1, L_0x5637d1475510, L_0x5637d1474740, C4<0>, C4<0>;
L_0x5637d14757a0 .functor OR 1, L_0x5637d1475690, L_0x5637d1474010, C4<0>, C4<0>;
L_0x5637d1475620 .functor OR 1, L_0x5637d14750a0, L_0x5637d1475980, C4<0>, C4<0>;
L_0x5637d1475d10 .functor AND 1, L_0x5637d1475620, L_0x5637d1475bd0, C4<1>, C4<1>;
L_0x5637d1476180 .functor OR 1, L_0x5637d1475d10, L_0x5637d1475fc0, C4<0>, C4<0>;
L_0x5637d1476290 .functor OR 1, L_0x5637d1476180, L_0x5637d1474590, C4<0>, C4<0>;
L_0x5637d1476440 .functor OR 1, L_0x5637d1476290, L_0x5637d1474350, C4<0>, C4<0>;
L_0x5637d1477290 .functor OR 1, L_0x5637d1476fa0, L_0x5637d1477090, C4<0>, C4<0>;
L_0x5637d1477610 .functor BUFZ 64, L_0x5637d13d4810, C4<0000000000000000000000000000000000000000000000000000000000000000>, C4<0000000000000000000000000000000000000000000000000000000000000000>, C4<0000000000000000000000000000000000000000000000000000000000000000>;
L_0x5637d14776d0 .functor BUFZ 6, L_0x5637d13d4700, C4<000000>, C4<000000>, C4<000000>;
o0x7fadde630ab8 .functor BUFZ 1, C4<z>; HiZ drive
L_0x5637d1477850 .functor AND 1, L_0x5637d14757a0, o0x7fadde630ab8, C4<1>, C4<1>;
o0x7fadde630ae8 .functor BUFZ 1, C4<z>; HiZ drive
L_0x5637d14778c0 .functor AND 1, L_0x5637d1476440, o0x7fadde630ae8, C4<1>, C4<1>;
L_0x5637d1477a50 .functor OR 1, L_0x5637d1477850, L_0x5637d14778c0, C4<0>, C4<0>;
o0x7fadde630a88 .functor BUFZ 1, C4<z>; HiZ drive
L_0x5637d1477b60 .functor AND 1, L_0x5637d1477290, o0x7fadde630a88, C4<1>, C4<1>;
L_0x5637d1477d00 .functor OR 1, L_0x5637d1477a50, L_0x5637d1477b60, C4<0>, C4<0>;
o0x7fadde630a58 .functor BUFZ 1, C4<z>; HiZ drive
L_0x5637d1478c10 .functor OR 1, o0x7fadde630a58, L_0x5637d13d45f0, C4<0>, C4<0>;
L_0x5637d1478d70 .functor AND 1, o0x7fadde630878, L_0x5637d14774f0, C4<1>, C4<1>;
L_0x5637d1478ed0 .functor AND 1, L_0x5637d1478d70, L_0x5637d1478de0, C4<1>, C4<1>;
L_0x5637d14790e0 .functor BUFZ 1, L_0x5637d1476550, C4<0>, C4<0>, C4<0>;
L_0x5637d14791a0 .functor BUFZ 4, L_0x5637d14765f0, C4<0000>, C4<0000>, C4<0000>;
o0x7fadde62f7c8 .functor BUFZ 1, C4<z>; HiZ drive
L_0x5637d1479370 .functor AND 1, o0x7fadde62f7c8, L_0x5637d1478ed0, C4<1>, C4<1>;
L_0x5637d1479430 .functor BUFZ 1, L_0x5637d1476970, C4<0>, C4<0>, C4<0>;
L_0x5637d1479610 .functor AND 1, v0x5637d14622b0_0, L_0x5637d1478ed0, C4<1>, C4<1>;
L_0x5637d1479680 .functor BUFZ 1, L_0x5637d1476ce0, C4<0>, C4<0>, C4<0>;
L_0x5637d14794f0 .functor AND 1, L_0x5637d1477290, L_0x5637d1478ed0, C4<1>, C4<1>;
L_0x5637d14798a0 .functor BUFZ 1, L_0x5637d1477450, C4<0>, C4<0>, C4<0>;
L_0x5637d1479a80 .functor BUFZ 1, L_0x5637d1478ba0, C4<0>, C4<0>, C4<0>;
L_0x5637d14774f0 .functor AND 1, L_0x5637d1478a10, L_0x5637d1479af0, C4<1>, C4<1>;
v0x5637d145cd30_0 .net "ALU_en", 0 0, L_0x5637d1479370;  1 drivers
v0x5637d145ce10_0 .net "ALU_en_i", 0 0, o0x7fadde62f7c8;  0 drivers
v0x5637d145ced0_0 .net "ALU_sel", 3 0, L_0x5637d14791a0;  1 drivers
v0x5637d145cf90_0 .net "ALU_sel_i", 3 0, L_0x5637d14765f0;  1 drivers
v0x5637d145d070_0 .net "B_sel", 0 0, L_0x5637d14790e0;  1 drivers
v0x5637d145d130_0 .net "B_sel_i", 0 0, L_0x5637d1476550;  1 drivers
v0x5637d145d1f0_0 .net *"_s100", 0 0, L_0x5637d1475980;  1 drivers
v0x5637d145d2b0_0 .net *"_s102", 0 0, L_0x5637d1475620;  1 drivers
L_0x7fadde5e6450 .functor BUFT 1, C4<010>, C4<0>, C4<0>, C4<0>;
v0x5637d145d370_0 .net/2u *"_s104", 2 0, L_0x7fadde5e6450;  1 drivers
v0x5637d145d450_0 .net *"_s106", 0 0, L_0x5637d1475bd0;  1 drivers
v0x5637d145d510_0 .net *"_s108", 0 0, L_0x5637d1475d10;  1 drivers
L_0x7fadde5e6498 .functor BUFT 1, C4<011>, C4<0>, C4<0>, C4<0>;
v0x5637d145d5d0_0 .net/2u *"_s110", 2 0, L_0x7fadde5e6498;  1 drivers
v0x5637d145d6b0_0 .net *"_s112", 0 0, L_0x5637d1475fc0;  1 drivers
v0x5637d145d770_0 .net *"_s114", 0 0, L_0x5637d1476180;  1 drivers
v0x5637d145d830_0 .net *"_s116", 0 0, L_0x5637d1476290;  1 drivers
L_0x7fadde5e64e0 .functor BUFT 1, C4<010>, C4<0>, C4<0>, C4<0>;
v0x5637d145d8f0_0 .net/2u *"_s124", 2 0, L_0x7fadde5e64e0;  1 drivers
v0x5637d145d9d0_0 .net *"_s126", 0 0, L_0x5637d1476880;  1 drivers
L_0x7fadde5e6528 .functor BUFT 1, C4<1>, C4<0>, C4<0>, C4<0>;
v0x5637d145dba0_0 .net/2u *"_s128", 0 0, L_0x7fadde5e6528;  1 drivers
L_0x7fadde5e6570 .functor BUFT 1, C4<0>, C4<0>, C4<0>, C4<0>;
v0x5637d145dc80_0 .net/2u *"_s130", 0 0, L_0x7fadde5e6570;  1 drivers
L_0x7fadde5e65b8 .functor BUFT 1, C4<011>, C4<0>, C4<0>, C4<0>;
v0x5637d145dd60_0 .net/2u *"_s134", 2 0, L_0x7fadde5e65b8;  1 drivers
v0x5637d145de40_0 .net *"_s136", 0 0, L_0x5637d1476bf0;  1 drivers
L_0x7fadde5e6600 .functor BUFT 1, C4<1>, C4<0>, C4<0>, C4<0>;
v0x5637d145df00_0 .net/2u *"_s138", 0 0, L_0x7fadde5e6600;  1 drivers
L_0x7fadde5e6648 .functor BUFT 1, C4<0>, C4<0>, C4<0>, C4<0>;
v0x5637d145dfe0_0 .net/2u *"_s140", 0 0, L_0x7fadde5e6648;  1 drivers
L_0x7fadde5e6690 .functor BUFT 1, C4<010>, C4<0>, C4<0>, C4<0>;
v0x5637d145e0c0_0 .net/2u *"_s144", 2 0, L_0x7fadde5e6690;  1 drivers
v0x5637d145e1a0_0 .net *"_s146", 0 0, L_0x5637d1476fa0;  1 drivers
L_0x7fadde5e66d8 .functor BUFT 1, C4<011>, C4<0>, C4<0>, C4<0>;
v0x5637d145e260_0 .net/2u *"_s148", 2 0, L_0x7fadde5e66d8;  1 drivers
v0x5637d145e340_0 .net *"_s150", 0 0, L_0x5637d1477090;  1 drivers
v0x5637d145e400_0 .net *"_s155", 31 0, L_0x5637d14763a0;  1 drivers
v0x5637d145e4e0_0 .net *"_s162", 0 0, L_0x5637d1477850;  1 drivers
v0x5637d145e5a0_0 .net *"_s164", 0 0, L_0x5637d14778c0;  1 drivers
v0x5637d145e660_0 .net *"_s166", 0 0, L_0x5637d1477a50;  1 drivers
v0x5637d145e720_0 .net *"_s168", 0 0, L_0x5637d1477b60;  1 drivers
v0x5637d145e7e0_0 .net *"_s174", 0 0, L_0x5637d1478d70;  1 drivers
v0x5637d145eab0_0 .net *"_s177", 0 0, L_0x5637d1478de0;  1 drivers
v0x5637d145eb70_0 .net *"_s199", 0 0, L_0x5637d1479af0;  1 drivers
v0x5637d145ec30_0 .net *"_s22", 31 0, L_0x5637d1463bb0;  1 drivers
L_0x7fadde5e6018 .functor BUFT 1, C4<000000000000000000000000000>, C4<0>, C4<0>, C4<0>;
v0x5637d145ed10_0 .net *"_s25", 26 0, L_0x7fadde5e6018;  1 drivers
L_0x7fadde5e6060 .functor BUFT 1, C4<00000000000000000000000000000000>, C4<0>, C4<0>, C4<0>;
v0x5637d145edf0_0 .net/2u *"_s26", 31 0, L_0x7fadde5e6060;  1 drivers
L_0x7fadde5e60a8 .functor BUFT 1, C4<111>, C4<0>, C4<0>, C4<0>;
v0x5637d145eed0_0 .net/2u *"_s30", 2 0, L_0x7fadde5e60a8;  1 drivers
v0x5637d145efb0_0 .net *"_s32", 0 0, L_0x5637d1473ea0;  1 drivers
L_0x7fadde5e60f0 .functor BUFT 1, C4<111>, C4<0>, C4<0>, C4<0>;
v0x5637d145f070_0 .net/2u *"_s36", 2 0, L_0x7fadde5e60f0;  1 drivers
v0x5637d145f150_0 .net *"_s38", 0 0, L_0x5637d1474160;  1 drivers
v0x5637d145f210_0 .net *"_s41", 0 0, L_0x5637d14742b0;  1 drivers
L_0x7fadde5e6138 .functor BUFT 1, C4<110>, C4<0>, C4<0>, C4<0>;
v0x5637d145f2d0_0 .net/2u *"_s44", 2 0, L_0x7fadde5e6138;  1 drivers
v0x5637d145f3b0_0 .net *"_s46", 0 0, L_0x5637d1474460;  1 drivers
L_0x7fadde5e6180 .functor BUFT 1, C4<10>, C4<0>, C4<0>, C4<0>;
v0x5637d145f470_0 .net/2u *"_s48", 1 0, L_0x7fadde5e6180;  1 drivers
v0x5637d145f550_0 .net *"_s50", 0 0, L_0x5637d1474600;  1 drivers
L_0x7fadde5e61c8 .functor BUFT 1, C4<110>, C4<0>, C4<0>, C4<0>;
v0x5637d145f610_0 .net/2u *"_s54", 2 0, L_0x7fadde5e61c8;  1 drivers
v0x5637d145f6f0_0 .net *"_s56", 0 0, L_0x5637d14748a0;  1 drivers
L_0x7fadde5e6210 .functor BUFT 1, C4<01>, C4<0>, C4<0>, C4<0>;
v0x5637d145f7b0_0 .net/2u *"_s58", 1 0, L_0x7fadde5e6210;  1 drivers
v0x5637d145f890_0 .net *"_s60", 0 0, L_0x5637d1474a10;  1 drivers
L_0x7fadde5e6258 .functor BUFT 1, C4<110>, C4<0>, C4<0>, C4<0>;
v0x5637d145f950_0 .net/2u *"_s64", 2 0, L_0x7fadde5e6258;  1 drivers
v0x5637d145fa30_0 .net *"_s66", 0 0, L_0x5637d1474c30;  1 drivers
L_0x7fadde5e62a0 .functor BUFT 1, C4<00>, C4<0>, C4<0>, C4<0>;
v0x5637d145faf0_0 .net/2u *"_s68", 1 0, L_0x7fadde5e62a0;  1 drivers
v0x5637d145fbd0_0 .net *"_s70", 0 0, L_0x5637d1474d60;  1 drivers
L_0x7fadde5e62e8 .functor BUFT 1, C4<100>, C4<0>, C4<0>, C4<0>;
v0x5637d145fc90_0 .net/2u *"_s74", 2 0, L_0x7fadde5e62e8;  1 drivers
v0x5637d145fd70_0 .net *"_s76", 0 0, L_0x5637d1475000;  1 drivers
L_0x7fadde5e6330 .functor BUFT 1, C4<101>, C4<0>, C4<0>, C4<0>;
v0x5637d145fe30_0 .net/2u *"_s78", 2 0, L_0x7fadde5e6330;  1 drivers
v0x5637d145ff10_0 .net *"_s80", 0 0, L_0x5637d1475140;  1 drivers
v0x5637d145ffd0_0 .net *"_s82", 0 0, L_0x5637d1475260;  1 drivers
L_0x7fadde5e6378 .functor BUFT 1, C4<010>, C4<0>, C4<0>, C4<0>;
v0x5637d1460090_0 .net/2u *"_s84", 2 0, L_0x7fadde5e6378;  1 drivers
v0x5637d1460170_0 .net *"_s86", 0 0, L_0x5637d1475370;  1 drivers
v0x5637d1460230_0 .net *"_s88", 0 0, L_0x5637d1475510;  1 drivers
v0x5637d14602f0_0 .net *"_s90", 0 0, L_0x5637d1475690;  1 drivers
L_0x7fadde5e63c0 .functor BUFT 1, C4<000>, C4<0>, C4<0>, C4<0>;
v0x5637d14603b0_0 .net/2u *"_s94", 2 0, L_0x7fadde5e63c0;  1 drivers
v0x5637d14608a0_0 .net *"_s96", 0 0, L_0x5637d14750a0;  1 drivers
L_0x7fadde5e6408 .functor BUFT 1, C4<001>, C4<0>, C4<0>, C4<0>;
v0x5637d1460960_0 .net/2u *"_s98", 2 0, L_0x7fadde5e6408;  1 drivers
v0x5637d1460a40_0 .net "addr_sel", 0 0, L_0x5637d1479430;  1 drivers
v0x5637d1460b00_0 .net "addr_sel_i", 0 0, L_0x5637d1476970;  1 drivers
v0x5637d1460bc0_0 .net "addr_type", 2 0, L_0x5637d1463830;  1 drivers
v0x5637d1460ca0_0 .net "branch_mispredict", 0 0, o0x7fadde6304b8;  0 drivers
v0x5637d1460d60_0 .net "branch_mispredict_i", 0 0, L_0x5637d13d45f0;  1 drivers
o0x7fadde62f1f8 .functor BUFZ 1, C4<z>; HiZ drive
v0x5637d1460e20_0 .net "clk", 0 0, o0x7fadde62f1f8;  0 drivers
v0x5637d1460ec0_0 .net "enable_hot", 0 0, L_0x5637d1478ed0;  1 drivers
o0x7fadde630548 .functor BUFZ 6, C4<zzzzzz>; HiZ drive
v0x5637d1460f60_0 .net "icount", 5 0, o0x7fadde630548;  0 drivers
v0x5637d1461040_0 .net "icount_i", 5 0, L_0x5637d13d4700;  1 drivers
v0x5637d1461100_0 .net "imm_stage1", 0 0, L_0x5637d14798a0;  1 drivers
v0x5637d14611a0_0 .net "imm_stage1_i", 0 0, L_0x5637d1477450;  1 drivers
v0x5637d1461260_0 .net "instr_in", 63 0, o0x7fadde6305d8;  0 drivers
v0x5637d1461340_0 .net "instr_in_i", 63 0, L_0x5637d13d4810;  1 drivers
o0x7fadde630608 .functor BUFZ 64, C4<zzzzzzzzzzzzzzzzzzzzzzzzzzzzzzzzzzzzzzzzzzzzzzzzzzzzzzzzzzzzzzzz>; HiZ drive
v0x5637d1461400_0 .net "instr_out", 63 0, o0x7fadde630608;  0 drivers
RS_0x7fadde62f498 .resolv tri, L_0x5637d1477610, v0x5637d145c350_0;
v0x5637d14614c0_0 .net8 "instr_out_i", 63 0, RS_0x7fadde62f498;  2 drivers
v0x5637d1461580_0 .net "is_RETA_instruction", 0 0, L_0x5637d1474740;  1 drivers
v0x5637d1461620_0 .net "is_RETIMM_instruction", 0 0, L_0x5637d1474e90;  1 drivers
v0x5637d14616e0_0 .net "is_RETX_instruction", 0 0, L_0x5637d1474590;  1 drivers
v0x5637d14617a0_0 .net "is_TAX_instruction", 0 0, L_0x5637d1474010;  1 drivers
v0x5637d1461860_0 .net "is_TXA_instruction", 0 0, L_0x5637d1474350;  1 drivers
v0x5637d1461920_0 .net "jmp_type", 2 0, L_0x5637d14638d0;  1 drivers
v0x5637d1461a00_0 .net "miscop", 4 0, L_0x5637d14639d0;  1 drivers
v0x5637d1461ae0_0 .net "miscop_is_zero", 0 0, L_0x5637d1473ce0;  1 drivers
v0x5637d1461ba0_0 .net "next_rdy", 0 0, o0x7fadde6307b8;  0 drivers
v0x5637d1461c60_0 .net "next_rdy_i", 0 0, L_0x5637d14635b0;  1 drivers
o0x7fadde6307e8 .functor BUFZ 6, C4<zzzzzz>; HiZ drive
v0x5637d1461d30_0 .net "ocount", 5 0, o0x7fadde6307e8;  0 drivers
RS_0x7fadde62f468 .resolv tri, L_0x5637d14776d0, v0x5637d143b230_0;
v0x5637d1461df0_0 .net8 "ocount_i", 5 0, RS_0x7fadde62f468;  2 drivers
v0x5637d1461ee0_0 .net "opcode", 7 0, L_0x5637d1463670;  1 drivers
v0x5637d1461fa0_0 .net "opcode_class", 2 0, L_0x5637d1463710;  1 drivers
v0x5637d1462080_0 .net "prev_vld", 0 0, o0x7fadde630878;  0 drivers
v0x5637d1462140_0 .net "prev_vld_i", 0 0, L_0x5637d14634c0;  1 drivers
v0x5637d1462210_0 .net "rd_en", 0 0, L_0x5637d1479610;  1 drivers
v0x5637d14622b0_0 .var "rd_en_i", 0 0;
v0x5637d1462370_0 .net "rdy", 0 0, L_0x5637d14774f0;  1 drivers
v0x5637d1462430_0 .net "rdy_i", 0 0, L_0x5637d1478a10;  1 drivers
v0x5637d1462500_0 .net "regfile_sel", 0 0, L_0x5637d1479680;  1 drivers
v0x5637d14625a0_0 .net "regfile_sel_i", 0 0, L_0x5637d1476ce0;  1 drivers
o0x7fadde630998 .functor BUFZ 4, C4<zzzz>; HiZ drive
v0x5637d1462660_0 .net "regfile_sel_stage1", 3 0, o0x7fadde630998;  0 drivers
v0x5637d1462740_0 .net "regfile_wr_en", 0 0, L_0x5637d14794f0;  1 drivers
v0x5637d1462800_0 .net "regfile_wr_en_i", 0 0, L_0x5637d1477290;  1 drivers
v0x5637d14628c0_0 .net "retval", 1 0, L_0x5637d1463aa0;  1 drivers
v0x5637d14629a0_0 .net "rst", 0 0, o0x7fadde630a58;  0 drivers
v0x5637d1462a60_0 .net "stage2_reads_regfile", 0 0, o0x7fadde630a88;  0 drivers
v0x5637d1462b20_0 .net "stage2_writes_A", 0 0, o0x7fadde630ab8;  0 drivers
v0x5637d1462be0_0 .net "stage2_writes_X", 0 0, o0x7fadde630ae8;  0 drivers
v0x5637d1462ca0_0 .net "stalled_i", 0 0, L_0x5637d1477d00;  1 drivers
v0x5637d1462d60_0 .net "vld", 0 0, L_0x5637d1479a80;  1 drivers
v0x5637d1462e20_0 .net "vld_i", 0 0, L_0x5637d1478ba0;  1 drivers
v0x5637d1462ef0_0 .net "we_read_A", 0 0, L_0x5637d14757a0;  1 drivers
v0x5637d1462f90_0 .net "we_read_X", 0 0, L_0x5637d1476440;  1 drivers
E_0x5637d140a6e0 .event edge, v0x5637d1461fa0_0, v0x5637d1460bc0_0;
L_0x5637d1463670 .part L_0x5637d13d4810, 48, 8;
L_0x5637d1463710 .part L_0x5637d1463670, 0, 3;
L_0x5637d1463830 .part L_0x5637d1463670, 5, 3;
L_0x5637d14638d0 .part L_0x5637d1463670, 4, 3;
L_0x5637d14639d0 .part L_0x5637d1463670, 3, 5;
L_0x5637d1463aa0 .part L_0x5637d1463670, 3, 2;
L_0x5637d1463bb0 .concat [ 5 27 0 0], L_0x5637d14639d0, L_0x7fadde5e6018;
L_0x5637d1473ce0 .cmp/eq 32, L_0x5637d1463bb0, L_0x7fadde5e6060;
L_0x5637d1473ea0 .cmp/eq 3, L_0x5637d1463710, L_0x7fadde5e60a8;
L_0x5637d1474160 .cmp/eq 3, L_0x5637d1463710, L_0x7fadde5e60f0;
L_0x5637d14742b0 .reduce/nor L_0x5637d1473ce0;
L_0x5637d1474460 .cmp/eq 3, L_0x5637d1463710, L_0x7fadde5e6138;
L_0x5637d1474600 .cmp/eq 2, L_0x5637d1463aa0, L_0x7fadde5e6180;
L_0x5637d14748a0 .cmp/eq 3, L_0x5637d1463710, L_0x7fadde5e61c8;
L_0x5637d1474a10 .cmp/eq 2, L_0x5637d1463aa0, L_0x7fadde5e6210;
L_0x5637d1474c30 .cmp/eq 3, L_0x5637d1463710, L_0x7fadde5e6258;
L_0x5637d1474d60 .cmp/eq 2, L_0x5637d1463aa0, L_0x7fadde5e62a0;
L_0x5637d1475000 .cmp/eq 3, L_0x5637d1463710, L_0x7fadde5e62e8;
L_0x5637d1475140 .cmp/eq 3, L_0x5637d1463710, L_0x7fadde5e6330;
L_0x5637d1475370 .cmp/eq 3, L_0x5637d1463710, L_0x7fadde5e6378;
L_0x5637d14750a0 .cmp/eq 3, L_0x5637d1463710, L_0x7fadde5e63c0;
L_0x5637d1475980 .cmp/eq 3, L_0x5637d1463710, L_0x7fadde5e6408;
L_0x5637d1475bd0 .cmp/eq 3, L_0x5637d1463830, L_0x7fadde5e6450;
L_0x5637d1475fc0 .cmp/eq 3, L_0x5637d1463710, L_0x7fadde5e6498;
L_0x5637d1476550 .part L_0x5637d1463670, 3, 1;
L_0x5637d14765f0 .part L_0x5637d1463670, 4, 4;
L_0x5637d1476880 .cmp/eq 3, L_0x5637d1463830, L_0x7fadde5e64e0;
L_0x5637d1476970 .functor MUXZ 1, L_0x7fadde5e6570, L_0x7fadde5e6528, L_0x5637d1476880, C4<>;
L_0x5637d1476bf0 .cmp/eq 3, L_0x5637d1463710, L_0x7fadde5e65b8;
L_0x5637d1476ce0 .functor MUXZ 1, L_0x7fadde5e6648, L_0x7fadde5e6600, L_0x5637d1476bf0, C4<>;
L_0x5637d1476fa0 .cmp/eq 3, L_0x5637d1463710, L_0x7fadde5e6690;
L_0x5637d1477090 .cmp/eq 3, L_0x5637d1463710, L_0x7fadde5e66d8;
L_0x5637d14763a0 .part L_0x5637d13d4810, 0, 32;
L_0x5637d1477450 .part L_0x5637d14763a0, 0, 1;
L_0x5637d1478de0 .reduce/nor L_0x5637d1477d00;
L_0x5637d1479af0 .reduce/nor L_0x5637d1477d00;
S_0x5637d143f500 .scope module, "delay_stage" "bhand" 2 196, 3 14 0, S_0x5637d142a950;
 .timescale -9 -12;
    .port_info 0 /INPUT 1 "clk"
    .port_info 1 /INPUT 1 "rst"
    .port_info 2 /INPUT 64 "idata"
    .port_info 3 /INPUT 1 "idata_vld"
    .port_info 4 /OUTPUT 1 "idata_rdy"
    .port_info 5 /OUTPUT 64 "odata"
    .port_info 6 /OUTPUT 1 "odata_vld"
    .port_info 7 /INPUT 1 "odata_rdy"
    .port_info 8 /INPUT 6 "icount"
    .port_info 9 /OUTPUT 6 "ocount"
P_0x5637d1416a40 .param/l "COUNT_WIDTH" 0 3 17, +C4<00000000000000000000000000000110>;
P_0x5637d1416a80 .param/l "DATA_WIDTH" 0 3 15, +C4<00000000000000000000000001000000>;
P_0x5637d1416ac0 .param/l "ENABLE_COUNT" 0 3 16, +C4<00000000000000000000000000000001>;
L_0x5637d1477e80 .functor AND 1, L_0x5637d14634c0, L_0x5637d1478a10, C4<1>, C4<1>;
L_0x5637d1477f40 .functor AND 1, L_0x5637d1478ba0, L_0x5637d14635b0, C4<1>, C4<1>;
L_0x5637d14782c0 .functor AND 1, L_0x5637d1477e80, v0x5637d145c5b0_0, C4<1>, C4<1>;
L_0x5637d1478470 .functor AND 1, L_0x5637d14782c0, L_0x5637d1478380, C4<1>, C4<1>;
L_0x5637d14786d0 .functor AND 1, L_0x5637d1478ba0, L_0x5637d14635b0, C4<1>, C4<1>;
L_0x5637d1478740 .functor OR 1, L_0x5637d14785b0, L_0x5637d14786d0, C4<0>, C4<0>;
L_0x5637d1478840 .functor OR 1, L_0x5637d14634c0, v0x5637d145bf50_0, C4<0>, C4<0>;
L_0x5637d14788b0 .functor AND 1, L_0x5637d1478740, L_0x5637d1478840, C4<1>, C4<1>;
L_0x5637d1478a10 .functor BUFZ 1, L_0x5637d1478150, C4<0>, C4<0>, C4<0>;
L_0x5637d1478ba0 .functor BUFZ 1, v0x5637d145c5b0_0, C4<0>, C4<0>, C4<0>;
v0x5637d1435150_0 .net *"_s12", 0 0, L_0x5637d14782c0;  1 drivers
v0x5637d145b660_0 .net *"_s15", 0 0, L_0x5637d1478380;  1 drivers
v0x5637d145b720_0 .net *"_s19", 0 0, L_0x5637d14785b0;  1 drivers
v0x5637d145b7c0_0 .net *"_s20", 0 0, L_0x5637d14786d0;  1 drivers
v0x5637d145b880_0 .net *"_s24", 0 0, L_0x5637d1478840;  1 drivers
v0x5637d145b990_0 .net *"_s4", 31 0, L_0x5637d1478000;  1 drivers
L_0x7fadde5e6720 .functor BUFT 1, C4<0000000000000000000000000000000>, C4<0>, C4<0>, C4<0>;
v0x5637d145ba70_0 .net *"_s7", 30 0, L_0x7fadde5e6720;  1 drivers
L_0x7fadde5e6768 .functor BUFT 1, C4<00000000000000000000000000000000>, C4<0>, C4<0>, C4<0>;
v0x5637d145bb50_0 .net/2u *"_s8", 31 0, L_0x7fadde5e6768;  1 drivers
v0x5637d145bc30_0 .net "clk", 0 0, o0x7fadde62f1f8;  alias, 0 drivers
v0x5637d145bcf0_0 .var "extra_mem", 63 0;
v0x5637d145bdd0_0 .net "extra_mem_en", 0 0, L_0x5637d1478470;  1 drivers
v0x5637d145be90_0 .net "extra_mem_rdy", 0 0, L_0x5637d1478150;  1 drivers
v0x5637d145bf50_0 .var "extra_mem_vld", 0 0;
v0x5637d145c010_0 .net "icount", 5 0, L_0x5637d13d4700;  alias, 1 drivers
v0x5637d145c0f0_0 .net "idata", 63 0, L_0x5637d13d4810;  alias, 1 drivers
v0x5637d145c1d0_0 .net "idata_rdy", 0 0, L_0x5637d1478a10;  alias, 1 drivers
v0x5637d145c290_0 .net "idata_vld", 0 0, L_0x5637d14634c0;  alias, 1 drivers
v0x5637d145c350_0 .var "mem", 63 0;
v0x5637d145c430_0 .net "mem_en", 0 0, L_0x5637d14788b0;  1 drivers
v0x5637d145c4f0_0 .net "mem_rdy", 0 0, L_0x5637d1478740;  1 drivers
v0x5637d145c5b0_0 .var "mem_vld", 0 0;
v0x5637d145c670_0 .net8 "ocount", 5 0, RS_0x7fadde62f468;  alias, 2 drivers
v0x5637d145c750_0 .net8 "odata", 63 0, RS_0x7fadde62f498;  alias, 2 drivers
v0x5637d145c830_0 .net "odata_rdy", 0 0, L_0x5637d14635b0;  alias, 1 drivers
v0x5637d145c8f0_0 .net "odata_vld", 0 0, L_0x5637d1478ba0;  alias, 1 drivers
v0x5637d145c9b0_0 .net "rst", 0 0, L_0x5637d1478c10;  1 drivers
v0x5637d145ca70_0 .net "shift_in", 0 0, L_0x5637d1477e80;  1 drivers
v0x5637d145cb30_0 .net "shift_out", 0 0, L_0x5637d1477f40;  1 drivers
L_0x5637d1478000 .concat [ 1 31 0 0], v0x5637d145bf50_0, L_0x7fadde5e6720;
L_0x5637d1478150 .cmp/eq 32, L_0x5637d1478000, L_0x7fadde5e6768;
L_0x5637d1478380 .reduce/nor L_0x5637d1477f40;
L_0x5637d14785b0 .reduce/nor v0x5637d145c5b0_0;
S_0x5637d1402600 .scope generate, "genblk1" "genblk1" 3 120, 3 120 0, S_0x5637d143f500;
 .timescale -9 -12;
v0x5637d143b230_0 .var "cnt_reg", 5 0;
v0x5637d143bfa0_0 .var "extra_cnt_reg", 5 0;
E_0x5637d140a4e0 .event posedge, v0x5637d145bc30_0;
    .scope S_0x5637d1402600;
T_0 ;
    %pushi/vec4 0, 0, 6;
    %store/vec4 v0x5637d143bfa0_0, 0, 6;
    %pushi/vec4 0, 0, 6;
    %store/vec4 v0x5637d143b230_0, 0, 6;
    %end;
    .thread T_0;
    .scope S_0x5637d1402600;
T_1 ;
    %wait E_0x5637d140a4e0;
    %load/vec4 v0x5637d145c9b0_0;
    %flag_set/vec4 8;
    %jmp/0xz  T_1.0, 8;
    %pushi/vec4 0, 0, 6;
    %assign/vec4 v0x5637d143bfa0_0, 0;
    %jmp T_1.1;
T_1.0 ;
    %load/vec4 v0x5637d145bdd0_0;
    %flag_set/vec4 8;
    %jmp/0xz  T_1.2, 8;
    %load/vec4 v0x5637d145c010_0;
    %addi 1, 0, 6;
    %assign/vec4 v0x5637d143bfa0_0, 0;
    %jmp T_1.3;
T_1.2 ;
    %load/vec4 v0x5637d143bfa0_0;
    %addi 1, 0, 6;
    %assign/vec4 v0x5637d143bfa0_0, 0;
T_1.3 ;
T_1.1 ;
    %jmp T_1;
    .thread T_1;
    .scope S_0x5637d1402600;
T_2 ;
    %wait E_0x5637d140a4e0;
    %load/vec4 v0x5637d145c9b0_0;
    %flag_set/vec4 8;
    %jmp/0xz  T_2.0, 8;
    %pushi/vec4 0, 0, 6;
    %assign/vec4 v0x5637d143b230_0, 0;
    %jmp T_2.1;
T_2.0 ;
    %load/vec4 v0x5637d145c430_0;
    %flag_set/vec4 8;
    %jmp/0xz  T_2.2, 8;
    %load/vec4 v0x5637d145bf50_0;
    %flag_set/vec4 8;
    %jmp/0 T_2.4, 8;
    %load/vec4 v0x5637d143bfa0_0;
    %addi 1, 0, 6;
    %jmp/1 T_2.5, 8;
T_2.4 ; End of true expr.
    %load/vec4 v0x5637d145c010_0;
    %addi 1, 0, 6;
    %jmp/0 T_2.5, 8;
 ; End of false expr.
    %blend;
T_2.5;
    %assign/vec4 v0x5637d143b230_0, 0;
    %jmp T_2.3;
T_2.2 ;
    %load/vec4 v0x5637d143b230_0;
    %addi 1, 0, 6;
    %assign/vec4 v0x5637d143b230_0, 0;
T_2.3 ;
T_2.1 ;
    %jmp T_2;
    .thread T_2;
    .scope S_0x5637d143f500;
T_3 ;
    %pushi/vec4 0, 0, 1;
    %store/vec4 v0x5637d145c5b0_0, 0, 1;
    %pushi/vec4 0, 0, 64;
    %store/vec4 v0x5637d145bcf0_0, 0, 64;
    %pushi/vec4 0, 0, 1;
    %store/vec4 v0x5637d145bf50_0, 0, 1;
    %pushi/vec4 0, 0, 64;
    %store/vec4 v0x5637d145c350_0, 0, 64;
    %end;
    .thread T_3;
    .scope S_0x5637d143f500;
T_4 ;
    %wait E_0x5637d140a4e0;
    %load/vec4 v0x5637d145c9b0_0;
    %flag_set/vec4 8;
    %jmp/0xz  T_4.0, 8;
    %pushi/vec4 0, 0, 64;
    %assign/vec4 v0x5637d145bcf0_0, 0;
    %pushi/vec4 0, 0, 1;
    %assign/vec4 v0x5637d145bf50_0, 0;
    %jmp T_4.1;
T_4.0 ;
    %load/vec4 v0x5637d145bdd0_0;
    %flag_set/vec4 8;
    %jmp/0xz  T_4.2, 8;
    %load/vec4 v0x5637d145c0f0_0;
    %assign/vec4 v0x5637d145bcf0_0, 0;
T_4.2 ;
    %load/vec4 v0x5637d145bdd0_0;
    %flag_set/vec4 8;
    %jmp/0xz  T_4.4, 8;
    %pushi/vec4 1, 0, 1;
    %assign/vec4 v0x5637d145bf50_0, 0;
    %jmp T_4.5;
T_4.4 ;
    %load/vec4 v0x5637d145cb30_0;
    %flag_set/vec4 8;
    %jmp/0xz  T_4.6, 8;
    %pushi/vec4 0, 0, 1;
    %assign/vec4 v0x5637d145bf50_0, 0;
T_4.6 ;
T_4.5 ;
T_4.1 ;
    %jmp T_4;
    .thread T_4;
    .scope S_0x5637d143f500;
T_5 ;
    %wait E_0x5637d140a4e0;
    %load/vec4 v0x5637d145c9b0_0;
    %flag_set/vec4 8;
    %jmp/0xz  T_5.0, 8;
    %pushi/vec4 0, 0, 64;
    %assign/vec4 v0x5637d145c350_0, 0;
    %pushi/vec4 0, 0, 1;
    %assign/vec4 v0x5637d145c5b0_0, 0;
    %jmp T_5.1;
T_5.0 ;
    %load/vec4 v0x5637d145c430_0;
    %flag_set/vec4 8;
    %jmp/0xz  T_5.2, 8;
    %load/vec4 v0x5637d145bf50_0;
    %flag_set/vec4 8;
    %jmp/0 T_5.4, 8;
    %load/vec4 v0x5637d145bcf0_0;
    %jmp/1 T_5.5, 8;
T_5.4 ; End of true expr.
    %load/vec4 v0x5637d145c0f0_0;
    %jmp/0 T_5.5, 8;
 ; End of false expr.
    %blend;
T_5.5;
    %assign/vec4 v0x5637d145c350_0, 0;
T_5.2 ;
    %load/vec4 v0x5637d145c430_0;
    %flag_set/vec4 8;
    %jmp/0xz  T_5.6, 8;
    %pushi/vec4 1, 0, 1;
    %assign/vec4 v0x5637d145c5b0_0, 0;
    %jmp T_5.7;
T_5.6 ;
    %load/vec4 v0x5637d145cb30_0;
    %flag_set/vec4 8;
    %jmp/0xz  T_5.8, 8;
    %pushi/vec4 0, 0, 1;
    %assign/vec4 v0x5637d145c5b0_0, 0;
T_5.8 ;
T_5.7 ;
T_5.1 ;
    %jmp T_5;
    .thread T_5;
    .scope S_0x5637d142a950;
T_6 ;
    %wait E_0x5637d140a6e0;
    %load/vec4 v0x5637d1461fa0_0;
    %pushi/vec4 0, 0, 3;
    %cmp/e;
    %flag_get/vec4 4;
    %load/vec4 v0x5637d1460bc0_0;
    %pushi/vec4 1, 0, 3;
    %cmp/e;
    %flag_get/vec4 4;
    %load/vec4 v0x5637d1460bc0_0;
    %pushi/vec4 2, 0, 3;
    %cmp/e;
    %flag_get/vec4 4;
    %or;
    %and;
    %flag_set/vec4 8;
    %jmp/0xz  T_6.0, 8;
    %pushi/vec4 1, 0, 1;
    %assign/vec4 v0x5637d14622b0_0, 0;
    %jmp T_6.1;
T_6.0 ;
    %load/vec4 v0x5637d1461fa0_0;
    %pushi/vec4 1, 0, 3;
    %cmp/e;
    %flag_get/vec4 4;
    %load/vec4 v0x5637d1460bc0_0;
    %pushi/vec4 1, 0, 3;
    %cmp/e;
    %flag_get/vec4 4;
    %load/vec4 v0x5637d1460bc0_0;
    %pushi/vec4 2, 0, 3;
    %cmp/e;
    %flag_get/vec4 4;
    %or;
    %load/vec4 v0x5637d1460bc0_0;
    %pushi/vec4 5, 0, 3;
    %cmp/e;
    %flag_get/vec4 4;
    %or;
    %and;
    %flag_set/vec4 8;
    %jmp/0xz  T_6.2, 8;
    %pushi/vec4 1, 0, 1;
    %assign/vec4 v0x5637d14622b0_0, 0;
    %jmp T_6.3;
T_6.2 ;
    %pushi/vec4 0, 0, 1;
    %assign/vec4 v0x5637d14622b0_0, 0;
T_6.3 ;
T_6.1 ;
    %jmp T_6;
    .thread T_6, $push;
# The file index is used to find the file name in the following table.
:file_names 4;
    "N/A";
    "<interactive>";
    "stage1.v";
    "./../../../generic/buffered_handshake/bhand.v";
